<?xml version="1.0" encoding="UTF-8"?>
<!-- Generated by org.testng.reporters.JUnitReportReporter -->
<testsuite hostname="Bharani" failures="0" tests="1" name="petstore.testcases.Wiremocktests" time="2.191" errors="0" timestamp="2025-09-20T14:04:41 MYT" skipped="0">
  <testcase classname="petstore.testcases.Wiremocktests" name="testPostuseruisngMockserver" time="2.191"/>
  <system-out/>
</testsuite> <!-- petstore.testcases.Wiremocktests -->
