<?xml version="1.0" encoding="UTF-8"?>
<!-- Generated by org.testng.reporters.JUnitReportReporter -->
<testsuite hostname="Bharani" failures="0" tests="6" name="petstore.testcases.UserDataDriventests" time="10.585" errors="0" timestamp="2025-09-14T19:06:53 MYT" skipped="0">
  <testcase classname="petstore.testcases.UserDataDriventests" name="testPostUser" time="1.562"/>
  <system-out/>
  <testcase classname="petstore.testcases.UserDataDriventests" name="testPostUser" time="1.287"/>
  <system-out/>
  <testcase classname="petstore.testcases.UserDataDriventests" name="testPostUser" time="3.421"/>
  <system-out/>
  <testcase classname="petstore.testcases.UserDataDriventests" name="testDeleteUserByName" time="1.287"/>
  <system-out/>
  <testcase classname="petstore.testcases.UserDataDriventests" name="testDeleteUserByName" time="1.365"/>
  <system-out/>
  <testcase classname="petstore.testcases.UserDataDriventests" name="testDeleteUserByName" time="1.663"/>
  <system-out/>
</testsuite> <!-- petstore.testcases.UserDataDriventests -->
