<?xml version="1.0" encoding="UTF-8"?>
<!-- Generated by org.testng.reporters.JUnitReportReporter -->
<testsuite hostname="Bharani" failures="0" tests="6" name="petstore.testcases.StoreDDTAndFileOperations" time="13.822" errors="0" timestamp="2025-09-22T22:29:47 MYT" skipped="0">
  <testcase classname="petstore.testcases.StoreDDTAndFileOperations" name="testPostStoreOrder_DD" time="3.709"/>
  <system-out/>
  <testcase classname="petstore.testcases.StoreDDTAndFileOperations" name="testPostStoreOrder_DD" time="2.648"/>
  <system-out/>
  <testcase classname="petstore.testcases.StoreDDTAndFileOperations" name="testPostStoreOrder_DD" time="1.619"/>
  <system-out/>
  <testcase classname="petstore.testcases.StoreDDTAndFileOperations" name="testGetStoreOrderByID_DD" time="1.533"/>
  <system-out/>
  <testcase classname="petstore.testcases.StoreDDTAndFileOperations" name="testGetStoreOrderByID_DD" time="2.185"/>
  <system-out/>
  <testcase classname="petstore.testcases.StoreDDTAndFileOperations" name="testGetStoreOrderByID_DD" time="2.128"/>
  <system-out/>
</testsuite> <!-- petstore.testcases.StoreDDTAndFileOperations -->
