<?xml version="1.0" encoding="UTF-8"?>
<!-- Generated by org.testng.reporters.JUnitReportReporter -->
<testsuite hostname="Bharani" failures="0" tests="2" name="petstore.testcases.AuthenticationTests" time="2.213" errors="0" timestamp="2025-09-20T11:07:30 MYT" skipped="0">
  <testcase classname="petstore.testcases.AuthenticationTests" name="testAuthentication" time="2.034"/>
  <system-out/>
  <testcase classname="petstore.testcases.AuthenticationTests" name="testApiKey" time="0.179"/>
  <system-out/>
</testsuite> <!-- petstore.testcases.AuthenticationTests -->
