<?xml version="1.0" encoding="UTF-8"?>
<!-- Generated by org.testng.reporters.JUnitReportReporter -->
<testsuite hostname="Bharani" failures="0" tests="6" name="petstore.testcases.UserDataDriventests" time="11.360" errors="0" timestamp="2025-09-20T11:07:30 MYT" skipped="0">
  <testcase classname="petstore.testcases.UserDataDriventests" name="testPostUser" time="1.632"/>
  <system-out/>
  <testcase classname="petstore.testcases.UserDataDriventests" name="testPostUser" time="3.552"/>
  <system-out/>
  <testcase classname="petstore.testcases.UserDataDriventests" name="testPostUser" time="1.522"/>
  <system-out/>
  <testcase classname="petstore.testcases.UserDataDriventests" name="testDeleteUserByName" time="1.591"/>
  <system-out/>
  <testcase classname="petstore.testcases.UserDataDriventests" name="testDeleteUserByName" time="1.530"/>
  <system-out/>
  <testcase classname="petstore.testcases.UserDataDriventests" name="testDeleteUserByName" time="1.533"/>
  <system-out/>
</testsuite> <!-- petstore.testcases.UserDataDriventests -->
