<?xml version="1.0" encoding="UTF-8"?>
<!-- Generated by org.testng.reporters.JUnitReportReporter -->
<testsuite hostname="Bharani" failures="0" tests="1" name="petstore.testcases.Usertests" time="5.057" errors="0" timestamp="2025-09-20T13:39:41 MYT" skipped="0">
  <testcase classname="petstore.testcases.Usertests" name="testCreateUser" time="5.057"/>
  <system-out/>
</testsuite> <!-- petstore.testcases.Usertests -->
