<?xml version="1.0" encoding="UTF-8"?>
<!-- Generated by org.testng.reporters.JUnitReportReporter -->
<testsuite hostname="Bharani" failures="0" tests="9" name="petstore.testcases.StoreDataDriventests" time="15.091" errors="0" timestamp="2025-09-20T11:26:43 MYT" skipped="0">
  <testcase classname="petstore.testcases.StoreDataDriventests" name="testPostStoreOrder_DD" time="1.736"/>
  <system-out/>
  <testcase classname="petstore.testcases.StoreDataDriventests" name="testPostStoreOrder_DD" time="1.598"/>
  <system-out/>
  <testcase classname="petstore.testcases.StoreDataDriventests" name="testPostStoreOrder_DD" time="1.637"/>
  <system-out/>
  <testcase classname="petstore.testcases.StoreDataDriventests" name="testDeleteStoreOrderByID_DD" time="1.537"/>
  <system-out/>
  <testcase classname="petstore.testcases.StoreDataDriventests" name="testDeleteStoreOrderByID_DD" time="1.538"/>
  <system-out/>
  <testcase classname="petstore.testcases.StoreDataDriventests" name="testDeleteStoreOrderByID_DD" time="1.566"/>
  <system-out/>
  <testcase classname="petstore.testcases.StoreDataDriventests" name="testGetStoreOrderByID_DD_Negative" time="1.544"/>
  <system-out/>
  <testcase classname="petstore.testcases.StoreDataDriventests" name="testGetStoreOrderByID_DD_Negative" time="2.368"/>
  <system-out/>
  <testcase classname="petstore.testcases.StoreDataDriventests" name="testGetStoreOrderByID_DD_Negative" time="1.567"/>
  <system-out/>
</testsuite> <!-- petstore.testcases.StoreDataDriventests -->
