<?xml version="1.0" encoding="UTF-8"?>
<!-- Generated by org.testng.reporters.JUnitReportReporter -->
<testsuite hostname="Bharani" failures="0" tests="2" name="petstore.testcases.AuthenticationTests" time="1.958" errors="0" timestamp="2025-09-20T11:26:43 MYT" skipped="0">
  <testcase classname="petstore.testcases.AuthenticationTests" name="testAuthentication" time="1.807"/>
  <system-out/>
  <testcase classname="petstore.testcases.AuthenticationTests" name="testApiKey" time="0.151"/>
  <system-out/>
</testsuite> <!-- petstore.testcases.AuthenticationTests -->
