<?xml version="1.0" encoding="UTF-8"?>
<!-- Generated by org.testng.reporters.JUnitReportReporter -->
<testsuite hostname="Bharani" failures="0" tests="3" name="petstore.testcases.Usertests2" time="10.076" errors="0" timestamp="2025-09-15T11:29:09 MYT" skipped="0">
  <testcase classname="petstore.testcases.Usertests2" name="testCreateUser" time="5.766"/>
  <system-out/>
  <testcase classname="petstore.testcases.Usertests2" name="testGetUserByName" time="1.280"/>
  <system-out/>
  <testcase classname="petstore.testcases.Usertests2" name="testUpdateUserbyName" time="3.030"/>
  <system-out/>
</testsuite> <!-- petstore.testcases.Usertests2 -->
